<?xml version="1.0" encoding="UTF-8"?>
<coverage generated="1692732606798" clover="3.2.0">
  <project timestamp="1692732606798" name="All files">
    <metrics statements="43" coveredstatements="43" conditionals="27" coveredconditionals="27" methods="7" coveredmethods="7" elements="77" coveredelements="77" complexity="0" loc="43" ncloc="43" packages="2" files="4" classes="4"/>
    <package name="interactor-organizer">
      <metrics statements="2" coveredstatements="2" conditionals="0" coveredconditionals="0" methods="0" coveredmethods="0"/>
      <file name="index.js" path="/Users/charlie/GitHub/interactor-organizer/index.js">
        <metrics statements="2" coveredstatements="2" conditionals="0" coveredconditionals="0" methods="0" coveredmethods="0"/>
        <line num="1" count="1" type="stmt"/>
        <line num="2" count="1" type="stmt"/>
      </file>
    </package>
    <package name="interactor-organizer.src">
      <metrics statements="41" coveredstatements="41" conditionals="27" coveredconditionals="27" methods="7" coveredmethods="7"/>
      <file name="context.js" path="/Users/charlie/GitHub/interactor-organizer/src/context.js">
        <metrics statements="10" coveredstatements="10" conditionals="0" coveredconditionals="0" methods="3" coveredmethods="3"/>
        <line num="3" count="3" type="stmt"/>
        <line num="4" count="3" type="stmt"/>
        <line num="8" count="1" type="stmt"/>
        <line num="10" count="15" type="stmt"/>
        <line num="14" count="3" type="stmt"/>
        <line num="15" count="3" type="stmt"/>
        <line num="16" count="3" type="stmt"/>
        <line num="17" count="3" type="stmt"/>
        <line num="20" count="15" type="stmt"/>
        <line num="21" count="15" type="stmt"/>
      </file>
      <file name="interactor.js" path="/Users/charlie/GitHub/interactor-organizer/src/interactor.js">
        <metrics statements="3" coveredstatements="3" conditionals="0" coveredconditionals="0" methods="2" coveredmethods="2"/>
        <line num="1" count="1" type="stmt"/>
        <line num="2" count="1" type="stmt"/>
        <line num="4" count="3" type="stmt"/>
      </file>
      <file name="organizer.js" path="/Users/charlie/GitHub/interactor-organizer/src/organizer.js">
        <metrics statements="28" coveredstatements="28" conditionals="27" coveredconditionals="27" methods="2" coveredmethods="2"/>
        <line num="1" count="1" type="stmt"/>
        <line num="3" count="1" type="stmt"/>
        <line num="5" count="16" type="stmt"/>
        <line num="9" count="19" type="cond" truecount="2" falsecount="0"/>
        <line num="10" count="4" type="stmt"/>
        <line num="12" count="15" type="stmt"/>
        <line num="15" count="19" type="stmt"/>
        <line num="16" count="19" type="stmt"/>
        <line num="17" count="19" type="stmt"/>
        <line num="19" count="19" type="cond" truecount="4" falsecount="0"/>
        <line num="20" count="18" type="cond" truecount="2" falsecount="0"/>
        <line num="21" count="17" type="cond" truecount="2" falsecount="0"/>
        <line num="23" count="17" type="stmt"/>
        <line num="24" count="30" type="cond" truecount="2" falsecount="0"/>
        <line num="25" count="4" type="stmt"/>
        <line num="29" count="4" type="stmt"/>
        <line num="32" count="26" type="stmt"/>
        <line num="33" count="26" type="stmt"/>
        <line num="35" count="26" type="cond" truecount="4" falsecount="0"/>
        <line num="36" count="23" type="cond" truecount="2" falsecount="0"/>
        <line num="37" count="22" type="stmt"/>
        <line num="38" count="21" type="cond" truecount="2" falsecount="0"/>
        <line num="41" count="3" type="cond" truecount="2" falsecount="0"/>
        <line num="42" count="2" type="stmt"/>
        <line num="45" count="1" type="stmt"/>
        <line num="48" count="15" type="cond" truecount="2" falsecount="0"/>
        <line num="50" count="15" type="stmt"/>
        <line num="52" count="15" type="stmt"/>
      </file>
    </package>
  </project>
</coverage>
