{"/Users/charlie/GitHub/interactor-organizer/index.js": {"path":"/Users/charlie/GitHub/interactor-organizer/index.js","statementMap":{"0":{"start":{"line":1,"column":0},"end":{"line":1,"column":53}},"1":{"start":{"line":2,"column":0},"end":{"line":2,"column":61}}},"fnMap":{},"branchMap":{},"s":{"0":1,"1":1},"f":{},"b":{},"_coverageSchema":"1a1c01bbd47fc00a2c39e90264f33305004495a9","hash":"fe78a7a1c137b00d8f9259a46c9d0632745f4f6e"}
,"/Users/charlie/GitHub/interactor-organizer/src/context.js": {"path":"/Users/charlie/GitHub/interactor-organizer/src/context.js","statementMap":{"0":{"start":{"line":1,"column":0},"end":{"line":15,"column":1}},"1":{"start":{"line":3,"column":4},"end":{"line":3,"column":32}},"2":{"start":{"line":7,"column":4},"end":{"line":7,"column":23}},"3":{"start":{"line":8,"column":4},"end":{"line":8,"column":25}},"4":{"start":{"line":9,"column":4},"end":{"line":9,"column":25}},"5":{"start":{"line":10,"column":4},"end":{"line":10,"column":17}},"6":{"start":{"line":13,"column":11},"end":{"line":13,"column":16}},"7":{"start":{"line":14,"column":12},"end":{"line":14,"column":17}}},"fnMap":{"0":{"name":"(anonymous_0)","decl":{"start":{"line":2,"column":2},"end":{"line":2,"column":3}},"loc":{"start":{"line":2,"column":24},"end":{"line":4,"column":3}},"line":2},"1":{"name":"(anonymous_1)","decl":{"start":{"line":6,"column":2},"end":{"line":6,"column":3}},"loc":{"start":{"line":6,"column":16},"end":{"line":11,"column":3}},"line":6}},"branchMap":{},"s":{"0":1,"1":5,"2":0,"3":0,"4":0,"5":0,"6":5,"7":5},"f":{"0":5,"1":0},"b":{},"_coverageSchema":"1a1c01bbd47fc00a2c39e90264f33305004495a9","hash":"21285c68fc1490922ff7ee344078b679cf1b25b0"}
,"/Users/charlie/GitHub/interactor-organizer/src/interactor.js": {"path":"/Users/charlie/GitHub/interactor-organizer/src/interactor.js","statementMap":{"0":{"start":{"line":1,"column":0},"end":{"line":7,"column":1}},"1":{"start":{"line":2,"column":2},"end":{"line":6,"column":3}},"2":{"start":{"line":4,"column":6},"end":{"line":4,"column":24}}},"fnMap":{"0":{"name":"createInteractor","decl":{"start":{"line":1,"column":26},"end":{"line":1,"column":42}},"loc":{"start":{"line":1,"column":52},"end":{"line":7,"column":1}},"line":1},"1":{"name":"(anonymous_1)","decl":{"start":{"line":3,"column":4},"end":{"line":3,"column":5}},"loc":{"start":{"line":3,"column":12},"end":{"line":5,"column":5}},"line":3}},"branchMap":{},"s":{"0":1,"1":1,"2":3},"f":{"0":1,"1":3},"b":{},"_coverageSchema":"1a1c01bbd47fc00a2c39e90264f33305004495a9","hash":"ba2f92e6a8501b86bd0cfc9110a971783a239e59"}
,"/Users/charlie/GitHub/interactor-organizer/src/organizer.js": {"path":"/Users/charlie/GitHub/interactor-organizer/src/organizer.js","statementMap":{"0":{"start":{"line":1,"column":16},"end":{"line":1,"column":36}},"1":{"start":{"line":3,"column":0},"end":{"line":51,"column":1}},"2":{"start":{"line":5,"column":4},"end":{"line":5,"column":27}},"3":{"start":{"line":9,"column":4},"end":{"line":13,"column":5}},"4":{"start":{"line":10,"column":6},"end":{"line":10,"column":36}},"5":{"start":{"line":12,"column":6},"end":{"line":12,"column":49}},"6":{"start":{"line":15,"column":33},"end":{"line":15,"column":37}},"7":{"start":{"line":17,"column":4},"end":{"line":42,"column":5}},"8":{"start":{"line":19,"column":6},"end":{"line":19,"column":69}},"9":{"start":{"line":19,"column":54},"end":{"line":19,"column":69}},"10":{"start":{"line":20,"column":6},"end":{"line":20,"column":53}},"11":{"start":{"line":20,"column":23},"end":{"line":20,"column":53}},"12":{"start":{"line":21,"column":6},"end":{"line":21,"column":53}},"13":{"start":{"line":21,"column":23},"end":{"line":21,"column":53}},"14":{"start":{"line":22,"column":6},"end":{"line":22,"column":51}},"15":{"start":{"line":22,"column":22},"end":{"line":22,"column":51}},"16":{"start":{"line":24,"column":6},"end":{"line":38,"column":7}},"17":{"start":{"line":24,"column":19},"end":{"line":24,"column":20}},"18":{"start":{"line":25,"column":8},"end":{"line":28,"column":9}},"19":{"start":{"line":26,"column":10},"end":{"line":26,"column":41}},"20":{"start":{"line":27,"column":10},"end":{"line":27,"column":19}},"21":{"start":{"line":30,"column":21},"end":{"line":30,"column":37}},"22":{"start":{"line":32,"column":8},"end":{"line":32,"column":65}},"23":{"start":{"line":32,"column":56},"end":{"line":32,"column":65}},"24":{"start":{"line":33,"column":8},"end":{"line":33,"column":55}},"25":{"start":{"line":33,"column":25},"end":{"line":33,"column":55}},"26":{"start":{"line":34,"column":8},"end":{"line":34,"column":55}},"27":{"start":{"line":34,"column":25},"end":{"line":34,"column":55}},"28":{"start":{"line":35,"column":8},"end":{"line":35,"column":36}},"29":{"start":{"line":36,"column":8},"end":{"line":36,"column":53}},"30":{"start":{"line":36,"column":24},"end":{"line":36,"column":53}},"31":{"start":{"line":37,"column":8},"end":{"line":37,"column":55}},"32":{"start":{"line":37,"column":25},"end":{"line":37,"column":55}},"33":{"start":{"line":40,"column":6},"end":{"line":40,"column":24}},"34":{"start":{"line":41,"column":6},"end":{"line":41,"column":21}},"35":{"start":{"line":44,"column":4},"end":{"line":44,"column":49}},"36":{"start":{"line":44,"column":20},"end":{"line":44,"column":49}},"37":{"start":{"line":45,"column":4},"end":{"line":45,"column":51}},"38":{"start":{"line":45,"column":21},"end":{"line":45,"column":51}},"39":{"start":{"line":47,"column":4},"end":{"line":47,"column":27}},"40":{"start":{"line":49,"column":4},"end":{"line":49,"column":19}}},"fnMap":{"0":{"name":"(anonymous_0)","decl":{"start":{"line":4,"column":2},"end":{"line":4,"column":3}},"loc":{"start":{"line":4,"column":26},"end":{"line":6,"column":3}},"line":4},"1":{"name":"(anonymous_1)","decl":{"start":{"line":8,"column":2},"end":{"line":8,"column":3}},"loc":{"start":{"line":8,"column":29},"end":{"line":50,"column":3}},"line":8}},"branchMap":{"0":{"loc":{"start":{"line":9,"column":4},"end":{"line":13,"column":5}},"type":"if","locations":[{"start":{"line":9,"column":4},"end":{"line":13,"column":5}},{"start":{"line":11,"column":11},"end":{"line":13,"column":5}}],"line":9},"1":{"loc":{"start":{"line":19,"column":6},"end":{"line":19,"column":69}},"type":"if","locations":[{"start":{"line":19,"column":6},"end":{"line":19,"column":69}},{"start":{},"end":{}}],"line":19},"2":{"loc":{"start":{"line":19,"column":10},"end":{"line":19,"column":52}},"type":"binary-expr","locations":[{"start":{"line":19,"column":10},"end":{"line":19,"column":19}},{"start":{"line":19,"column":24},"end":{"line":19,"column":51}}],"line":19},"3":{"loc":{"start":{"line":20,"column":6},"end":{"line":20,"column":53}},"type":"if","locations":[{"start":{"line":20,"column":6},"end":{"line":20,"column":53}},{"start":{},"end":{}}],"line":20},"4":{"loc":{"start":{"line":21,"column":6},"end":{"line":21,"column":53}},"type":"if","locations":[{"start":{"line":21,"column":6},"end":{"line":21,"column":53}},{"start":{},"end":{}}],"line":21},"5":{"loc":{"start":{"line":22,"column":6},"end":{"line":22,"column":51}},"type":"if","locations":[{"start":{"line":22,"column":6},"end":{"line":22,"column":51}},{"start":{},"end":{}}],"line":22},"6":{"loc":{"start":{"line":25,"column":8},"end":{"line":28,"column":9}},"type":"if","locations":[{"start":{"line":25,"column":8},"end":{"line":28,"column":9}},{"start":{},"end":{}}],"line":25},"7":{"loc":{"start":{"line":32,"column":8},"end":{"line":32,"column":65}},"type":"if","locations":[{"start":{"line":32,"column":8},"end":{"line":32,"column":65}},{"start":{},"end":{}}],"line":32},"8":{"loc":{"start":{"line":32,"column":12},"end":{"line":32,"column":54}},"type":"binary-expr","locations":[{"start":{"line":32,"column":12},"end":{"line":32,"column":21}},{"start":{"line":32,"column":26},"end":{"line":32,"column":53}}],"line":32},"9":{"loc":{"start":{"line":33,"column":8},"end":{"line":33,"column":55}},"type":"if","locations":[{"start":{"line":33,"column":8},"end":{"line":33,"column":55}},{"start":{},"end":{}}],"line":33},"10":{"loc":{"start":{"line":34,"column":8},"end":{"line":34,"column":55}},"type":"if","locations":[{"start":{"line":34,"column":8},"end":{"line":34,"column":55}},{"start":{},"end":{}}],"line":34},"11":{"loc":{"start":{"line":36,"column":8},"end":{"line":36,"column":53}},"type":"if","locations":[{"start":{"line":36,"column":8},"end":{"line":36,"column":53}},{"start":{},"end":{}}],"line":36},"12":{"loc":{"start":{"line":37,"column":8},"end":{"line":37,"column":55}},"type":"if","locations":[{"start":{"line":37,"column":8},"end":{"line":37,"column":55}},{"start":{},"end":{}}],"line":37},"13":{"loc":{"start":{"line":44,"column":4},"end":{"line":44,"column":49}},"type":"if","locations":[{"start":{"line":44,"column":4},"end":{"line":44,"column":49}},{"start":{},"end":{}}],"line":44},"14":{"loc":{"start":{"line":45,"column":4},"end":{"line":45,"column":51}},"type":"if","locations":[{"start":{"line":45,"column":4},"end":{"line":45,"column":51}},{"start":{},"end":{}}],"line":45}},"s":{"0":1,"1":1,"2":3,"3":6,"4":1,"5":5,"6":6,"7":6,"8":6,"9":1,"10":5,"11":0,"12":5,"13":0,"14":5,"15":0,"16":5,"17":5,"18":15,"19":1,"20":1,"21":14,"22":14,"23":3,"24":11,"25":0,"26":11,"27":3,"28":11,"29":11,"30":0,"31":11,"32":0,"33":0,"34":0,"35":5,"36":0,"37":5,"38":0,"39":5,"40":5},"f":{"0":3,"1":6},"b":{"0":[1,5],"1":[1,5],"2":[6,2],"3":[0,5],"4":[0,5],"5":[0,5],"6":[1,14],"7":[3,11],"8":[14,4],"9":[0,11],"10":[3,8],"11":[0,11],"12":[0,11],"13":[0,5],"14":[0,5]},"_coverageSchema":"1a1c01bbd47fc00a2c39e90264f33305004495a9","hash":"e2816b5a40be563a2d58e2fb15e29312342f6eb1"}
,"/Users/charlie/GitHub/interactor-organizer/tests/interactors.js": {"path":"/Users/charlie/GitHub/interactor-organizer/tests/interactors.js","statementMap":{"0":{"start":{"line":1,"column":40},"end":{"line":1,"column":59}},"1":{"start":{"line":3,"column":0},"end":{"line":8,"column":1}},"2":{"start":{"line":5,"column":4},"end":{"line":5,"column":44}},"3":{"start":{"line":6,"column":4},"end":{"line":6,"column":29}},"4":{"start":{"line":10,"column":0},"end":{"line":12,"column":3}},"5":{"start":{"line":11,"column":2},"end":{"line":11,"column":56}},"6":{"start":{"line":16,"column":4},"end":{"line":18,"column":5}},"7":{"start":{"line":17,"column":6},"end":{"line":17,"column":69}},"8":{"start":{"line":22,"column":4},"end":{"line":22,"column":59}},"9":{"start":{"line":28,"column":4},"end":{"line":28,"column":62}},"10":{"start":{"line":34,"column":4},"end":{"line":36,"column":5}},"11":{"start":{"line":35,"column":6},"end":{"line":35,"column":57}},"12":{"start":{"line":40,"column":4},"end":{"line":45,"column":6}},"13":{"start":{"line":41,"column":6},"end":{"line":44,"column":11}},"14":{"start":{"line":42,"column":8},"end":{"line":42,"column":52}},"15":{"start":{"line":43,"column":8},"end":{"line":43,"column":17}},"16":{"start":{"line":51,"column":4},"end":{"line":51,"column":28}},"17":{"start":{"line":55,"column":4},"end":{"line":55,"column":41}},"18":{"start":{"line":61,"column":4},"end":{"line":61,"column":67}},"19":{"start":{"line":65,"column":4},"end":{"line":65,"column":62}},"20":{"start":{"line":72,"column":4},"end":{"line":72,"column":34}},"21":{"start":{"line":76,"column":0},"end":{"line":81,"column":1}},"22":{"start":{"line":83,"column":0},"end":{"line":86,"column":1}},"23":{"start":{"line":88,"column":0},"end":{"line":88,"column":54}}},"fnMap":{"0":{"name":"(anonymous_0)","decl":{"start":{"line":4,"column":2},"end":{"line":4,"column":3}},"loc":{"start":{"line":4,"column":15},"end":{"line":7,"column":3}},"line":4},"1":{"name":"(anonymous_1)","decl":{"start":{"line":10,"column":46},"end":{"line":10,"column":47}},"loc":{"start":{"line":10,"column":64},"end":{"line":12,"column":1}},"line":10},"2":{"name":"(anonymous_2)","decl":{"start":{"line":15,"column":2},"end":{"line":15,"column":3}},"loc":{"start":{"line":15,"column":12},"end":{"line":19,"column":3}},"line":15},"3":{"name":"(anonymous_3)","decl":{"start":{"line":21,"column":2},"end":{"line":21,"column":3}},"loc":{"start":{"line":21,"column":10},"end":{"line":23,"column":3}},"line":21},"4":{"name":"(anonymous_4)","decl":{"start":{"line":27,"column":2},"end":{"line":27,"column":3}},"loc":{"start":{"line":27,"column":10},"end":{"line":29,"column":3}},"line":27},"5":{"name":"(anonymous_5)","decl":{"start":{"line":33,"column":2},"end":{"line":33,"column":3}},"loc":{"start":{"line":33,"column":12},"end":{"line":37,"column":3}},"line":33},"6":{"name":"(anonymous_6)","decl":{"start":{"line":39,"column":2},"end":{"line":39,"column":3}},"loc":{"start":{"line":39,"column":16},"end":{"line":46,"column":3}},"line":39},"7":{"name":"(anonymous_7)","decl":{"start":{"line":40,"column":23},"end":{"line":40,"column":24}},"loc":{"start":{"line":40,"column":34},"end":{"line":45,"column":5}},"line":40},"8":{"name":"(anonymous_8)","decl":{"start":{"line":41,"column":17},"end":{"line":41,"column":18}},"loc":{"start":{"line":41,"column":23},"end":{"line":44,"column":7}},"line":41},"9":{"name":"(anonymous_9)","decl":{"start":{"line":50,"column":2},"end":{"line":50,"column":3}},"loc":{"start":{"line":50,"column":12},"end":{"line":52,"column":3}},"line":50},"10":{"name":"(anonymous_10)","decl":{"start":{"line":54,"column":2},"end":{"line":54,"column":3}},"loc":{"start":{"line":54,"column":10},"end":{"line":56,"column":3}},"line":54},"11":{"name":"(anonymous_11)","decl":{"start":{"line":60,"column":2},"end":{"line":60,"column":3}},"loc":{"start":{"line":60,"column":10},"end":{"line":62,"column":3}},"line":60},"12":{"name":"(anonymous_12)","decl":{"start":{"line":64,"column":2},"end":{"line":64,"column":3}},"loc":{"start":{"line":64,"column":10},"end":{"line":66,"column":3}},"line":64},"13":{"name":"(anonymous_13)","decl":{"start":{"line":71,"column":2},"end":{"line":71,"column":3}},"loc":{"start":{"line":71,"column":10},"end":{"line":73,"column":3}},"line":71}},"branchMap":{"0":{"loc":{"start":{"line":16,"column":4},"end":{"line":18,"column":5}},"type":"if","locations":[{"start":{"line":16,"column":4},"end":{"line":18,"column":5}},{"start":{},"end":{}}],"line":16},"1":{"loc":{"start":{"line":34,"column":4},"end":{"line":36,"column":5}},"type":"if","locations":[{"start":{"line":34,"column":4},"end":{"line":36,"column":5}},{"start":{},"end":{}}],"line":34},"2":{"loc":{"start":{"line":61,"column":11},"end":{"line":61,"column":67}},"type":"binary-expr","locations":[{"start":{"line":61,"column":11},"end":{"line":61,"column":31}},{"start":{"line":61,"column":35},"end":{"line":61,"column":67}}],"line":61}},"s":{"0":1,"1":1,"2":3,"3":3,"4":1,"5":3,"6":1,"7":0,"8":1,"9":1,"10":1,"11":0,"12":1,"13":1,"14":1,"15":1,"16":1,"17":1,"18":4,"19":1,"20":2,"21":1,"22":1,"23":1},"f":{"0":3,"1":3,"2":1,"3":1,"4":1,"5":1,"6":1,"7":1,"8":1,"9":1,"10":1,"11":4,"12":1,"13":2},"b":{"0":[0,1],"1":[0,1],"2":[4,1]},"_coverageSchema":"1a1c01bbd47fc00a2c39e90264f33305004495a9","hash":"1970e0b18f5faea9584ee4ac42bcd70fcc1b5157"}
}
