{"/Users/charlie/GitHub/interactor-organizer/index.js": {"path":"/Users/charlie/GitHub/interactor-organizer/index.js","statementMap":{"0":{"start":{"line":1,"column":0},"end":{"line":1,"column":53}},"1":{"start":{"line":2,"column":0},"end":{"line":2,"column":61}}},"fnMap":{},"branchMap":{},"s":{"0":1,"1":1},"f":{},"b":{},"_coverageSchema":"1a1c01bbd47fc00a2c39e90264f33305004495a9","hash":"fe78a7a1c137b00d8f9259a46c9d0632745f4f6e"}
,"/Users/charlie/GitHub/interactor-organizer/src/context.js": {"path":"/Users/charlie/GitHub/interactor-organizer/src/context.js","statementMap":{"0":{"start":{"line":3,"column":4},"end":{"line":3,"column":19}},"1":{"start":{"line":4,"column":4},"end":{"line":4,"column":37}},"2":{"start":{"line":8,"column":0},"end":{"line":22,"column":1}},"3":{"start":{"line":10,"column":4},"end":{"line":10,"column":32}},"4":{"start":{"line":14,"column":4},"end":{"line":14,"column":24}},"5":{"start":{"line":15,"column":4},"end":{"line":15,"column":25}},"6":{"start":{"line":16,"column":4},"end":{"line":16,"column":23}},"7":{"start":{"line":17,"column":4},"end":{"line":17,"column":39}},"8":{"start":{"line":20,"column":12},"end":{"line":20,"column":17}},"9":{"start":{"line":21,"column":12},"end":{"line":21,"column":17}}},"fnMap":{"0":{"name":"(anonymous_0)","decl":{"start":{"line":2,"column":2},"end":{"line":2,"column":3}},"loc":{"start":{"line":2,"column":23},"end":{"line":5,"column":3}},"line":2},"1":{"name":"(anonymous_1)","decl":{"start":{"line":9,"column":2},"end":{"line":9,"column":3}},"loc":{"start":{"line":9,"column":24},"end":{"line":11,"column":3}},"line":9},"2":{"name":"(anonymous_2)","decl":{"start":{"line":13,"column":2},"end":{"line":13,"column":3}},"loc":{"start":{"line":13,"column":15},"end":{"line":18,"column":3}},"line":13}},"branchMap":{},"s":{"0":3,"1":3,"2":1,"3":10,"4":3,"5":3,"6":3,"7":3,"8":10,"9":10},"f":{"0":3,"1":10,"2":3},"b":{},"_coverageSchema":"1a1c01bbd47fc00a2c39e90264f33305004495a9","hash":"7cb95b98e54f1c1070f6950bbd83c593412fef53"}
,"/Users/charlie/GitHub/interactor-organizer/src/interactor.js": {"path":"/Users/charlie/GitHub/interactor-organizer/src/interactor.js","statementMap":{"0":{"start":{"line":1,"column":0},"end":{"line":7,"column":1}},"1":{"start":{"line":2,"column":2},"end":{"line":6,"column":3}},"2":{"start":{"line":4,"column":6},"end":{"line":4,"column":24}}},"fnMap":{"0":{"name":"createInteractor","decl":{"start":{"line":1,"column":26},"end":{"line":1,"column":42}},"loc":{"start":{"line":1,"column":52},"end":{"line":7,"column":1}},"line":1},"1":{"name":"(anonymous_1)","decl":{"start":{"line":3,"column":4},"end":{"line":3,"column":5}},"loc":{"start":{"line":3,"column":12},"end":{"line":5,"column":5}},"line":3}},"branchMap":{},"s":{"0":1,"1":1,"2":3},"f":{"0":1,"1":3},"b":{},"_coverageSchema":"1a1c01bbd47fc00a2c39e90264f33305004495a9","hash":"ba2f92e6a8501b86bd0cfc9110a971783a239e59"}
,"/Users/charlie/GitHub/interactor-organizer/src/organizer.js": {"path":"/Users/charlie/GitHub/interactor-organizer/src/organizer.js","statementMap":{"0":{"start":{"line":1,"column":16},"end":{"line":1,"column":36}},"1":{"start":{"line":3,"column":0},"end":{"line":50,"column":2}},"2":{"start":{"line":5,"column":4},"end":{"line":5,"column":27}},"3":{"start":{"line":9,"column":4},"end":{"line":13,"column":5}},"4":{"start":{"line":10,"column":6},"end":{"line":10,"column":36}},"5":{"start":{"line":12,"column":6},"end":{"line":12,"column":49}},"6":{"start":{"line":15,"column":33},"end":{"line":15,"column":37}},"7":{"start":{"line":16,"column":4},"end":{"line":42,"column":5}},"8":{"start":{"line":17,"column":6},"end":{"line":39,"column":7}},"9":{"start":{"line":19,"column":8},"end":{"line":19,"column":71}},"10":{"start":{"line":19,"column":56},"end":{"line":19,"column":71}},"11":{"start":{"line":20,"column":8},"end":{"line":20,"column":55}},"12":{"start":{"line":20,"column":25},"end":{"line":20,"column":55}},"13":{"start":{"line":21,"column":8},"end":{"line":21,"column":53}},"14":{"start":{"line":21,"column":24},"end":{"line":21,"column":53}},"15":{"start":{"line":23,"column":8},"end":{"line":35,"column":9}},"16":{"start":{"line":23,"column":21},"end":{"line":23,"column":22}},"17":{"start":{"line":24,"column":10},"end":{"line":27,"column":11}},"18":{"start":{"line":25,"column":12},"end":{"line":25,"column":43}},"19":{"start":{"line":26,"column":12},"end":{"line":26,"column":21}},"20":{"start":{"line":29,"column":23},"end":{"line":29,"column":39}},"21":{"start":{"line":31,"column":10},"end":{"line":31,"column":67}},"22":{"start":{"line":31,"column":58},"end":{"line":31,"column":67}},"23":{"start":{"line":32,"column":10},"end":{"line":32,"column":57}},"24":{"start":{"line":32,"column":27},"end":{"line":32,"column":57}},"25":{"start":{"line":33,"column":10},"end":{"line":33,"column":38}},"26":{"start":{"line":34,"column":10},"end":{"line":34,"column":55}},"27":{"start":{"line":34,"column":26},"end":{"line":34,"column":55}},"28":{"start":{"line":37,"column":8},"end":{"line":37,"column":64}},"29":{"start":{"line":37,"column":46},"end":{"line":37,"column":64}},"30":{"start":{"line":38,"column":8},"end":{"line":38,"column":23}},"31":{"start":{"line":41,"column":6},"end":{"line":41,"column":21}},"32":{"start":{"line":44,"column":4},"end":{"line":44,"column":49}},"33":{"start":{"line":44,"column":20},"end":{"line":44,"column":49}},"34":{"start":{"line":46,"column":4},"end":{"line":46,"column":27}},"35":{"start":{"line":48,"column":4},"end":{"line":48,"column":19}}},"fnMap":{"0":{"name":"(anonymous_0)","decl":{"start":{"line":4,"column":2},"end":{"line":4,"column":3}},"loc":{"start":{"line":4,"column":26},"end":{"line":6,"column":3}},"line":4},"1":{"name":"(anonymous_1)","decl":{"start":{"line":8,"column":2},"end":{"line":8,"column":3}},"loc":{"start":{"line":8,"column":29},"end":{"line":49,"column":3}},"line":8}},"branchMap":{"0":{"loc":{"start":{"line":9,"column":4},"end":{"line":13,"column":5}},"type":"if","locations":[{"start":{"line":9,"column":4},"end":{"line":13,"column":5}},{"start":{"line":11,"column":11},"end":{"line":13,"column":5}}],"line":9},"1":{"loc":{"start":{"line":19,"column":8},"end":{"line":19,"column":71}},"type":"if","locations":[{"start":{"line":19,"column":8},"end":{"line":19,"column":71}},{"start":{},"end":{}}],"line":19},"2":{"loc":{"start":{"line":19,"column":12},"end":{"line":19,"column":54}},"type":"binary-expr","locations":[{"start":{"line":19,"column":12},"end":{"line":19,"column":21}},{"start":{"line":19,"column":26},"end":{"line":19,"column":53}}],"line":19},"3":{"loc":{"start":{"line":20,"column":8},"end":{"line":20,"column":55}},"type":"if","locations":[{"start":{"line":20,"column":8},"end":{"line":20,"column":55}},{"start":{},"end":{}}],"line":20},"4":{"loc":{"start":{"line":21,"column":8},"end":{"line":21,"column":53}},"type":"if","locations":[{"start":{"line":21,"column":8},"end":{"line":21,"column":53}},{"start":{},"end":{}}],"line":21},"5":{"loc":{"start":{"line":24,"column":10},"end":{"line":27,"column":11}},"type":"if","locations":[{"start":{"line":24,"column":10},"end":{"line":27,"column":11}},{"start":{},"end":{}}],"line":24},"6":{"loc":{"start":{"line":31,"column":10},"end":{"line":31,"column":67}},"type":"if","locations":[{"start":{"line":31,"column":10},"end":{"line":31,"column":67}},{"start":{},"end":{}}],"line":31},"7":{"loc":{"start":{"line":31,"column":14},"end":{"line":31,"column":56}},"type":"binary-expr","locations":[{"start":{"line":31,"column":14},"end":{"line":31,"column":23}},{"start":{"line":31,"column":28},"end":{"line":31,"column":55}}],"line":31},"8":{"loc":{"start":{"line":32,"column":10},"end":{"line":32,"column":57}},"type":"if","locations":[{"start":{"line":32,"column":10},"end":{"line":32,"column":57}},{"start":{},"end":{}}],"line":32},"9":{"loc":{"start":{"line":34,"column":10},"end":{"line":34,"column":55}},"type":"if","locations":[{"start":{"line":34,"column":10},"end":{"line":34,"column":55}},{"start":{},"end":{}}],"line":34},"10":{"loc":{"start":{"line":37,"column":8},"end":{"line":37,"column":64}},"type":"if","locations":[{"start":{"line":37,"column":8},"end":{"line":37,"column":64}},{"start":{},"end":{}}],"line":37},"11":{"loc":{"start":{"line":44,"column":4},"end":{"line":44,"column":49}},"type":"if","locations":[{"start":{"line":44,"column":4},"end":{"line":44,"column":49}},{"start":{},"end":{}}],"line":44}},"s":{"0":1,"1":1,"2":8,"3":11,"4":1,"5":10,"6":11,"7":11,"8":11,"9":11,"10":1,"11":10,"12":2,"13":9,"14":1,"15":9,"16":9,"17":19,"18":1,"19":1,"20":18,"21":18,"22":3,"23":15,"24":5,"25":14,"26":13,"27":1,"28":3,"29":1,"30":2,"31":1,"32":7,"33":1,"34":7,"35":7},"f":{"0":8,"1":11},"b":{"0":[1,10],"1":[1,10],"2":[11,3],"3":[2,8],"4":[1,8],"5":[1,18],"6":[3,15],"7":[18,4],"8":[5,10],"9":[1,12],"10":[1,2],"11":[1,6]},"_coverageSchema":"1a1c01bbd47fc00a2c39e90264f33305004495a9","hash":"1ea17ae205948e8c510cd72eacbb62c736744161"}
}
