TN:
SF:index.js
FNF:0
FNH:0
DA:1,1
DA:2,1
LF:2
LH:2
BRF:0
BRH:0
end_of_record
TN:
SF:src/context.js
FN:2,(anonymous_0)
FN:9,(anonymous_1)
FN:13,(anonymous_2)
FNF:3
FNH:3
FNDA:3,(anonymous_0)
FNDA:11,(anonymous_1)
FNDA:3,(anonymous_2)
DA:3,3
DA:4,3
DA:8,1
DA:10,11
DA:14,3
DA:15,3
DA:16,3
DA:17,3
DA:20,11
DA:21,11
LF:10
LH:10
BRF:0
BRH:0
end_of_record
TN:
SF:src/interactor.js
FN:1,createInteractor
FN:3,(anonymous_1)
FNF:2
FNH:2
FNDA:1,createInteractor
FNDA:3,(anonymous_1)
DA:1,1
DA:2,1
DA:4,3
LF:3
LH:3
BRF:0
BRH:0
end_of_record
TN:
SF:src/organizer.js
FN:4,(anonymous_0)
FN:8,(anonymous_1)
FNF:2
FNH:2
FNDA:9,(anonymous_0)
FNDA:12,(anonymous_1)
DA:1,1
DA:3,1
DA:5,9
DA:9,12
DA:10,1
DA:12,11
DA:15,12
DA:16,12
DA:17,12
DA:19,12
DA:20,11
DA:21,10
DA:23,10
DA:24,20
DA:25,1
DA:26,1
DA:29,19
DA:30,19
DA:32,19
DA:33,16
DA:34,15
DA:35,14
DA:38,3
DA:39,2
DA:42,1
DA:45,8
DA:47,8
DA:49,8
LF:28
LH:28
BRDA:9,0,0,1
BRDA:9,0,1,11
BRDA:19,1,0,1
BRDA:19,1,1,11
BRDA:19,2,0,12
BRDA:19,2,1,3
BRDA:20,3,0,2
BRDA:20,3,1,9
BRDA:21,4,0,1
BRDA:21,4,1,9
BRDA:24,5,0,1
BRDA:24,5,1,19
BRDA:32,6,0,3
BRDA:32,6,1,16
BRDA:32,7,0,19
BRDA:32,7,1,4
BRDA:33,8,0,5
BRDA:33,8,1,11
BRDA:35,9,0,1
BRDA:35,9,1,13
BRDA:38,10,0,1
BRDA:38,10,1,2
BRDA:45,11,0,1
BRDA:45,11,1,7
BRF:24
BRH:24
end_of_record
