TN:
SF:index.js
FNF:0
FNH:0
DA:1,1
DA:2,1
LF:2
LH:2
BRF:0
BRH:0
end_of_record
TN:
SF:src/context.js
FN:2,(anonymous_0)
FN:9,(anonymous_1)
FN:13,(anonymous_2)
FNF:3
FNH:3
FNDA:3,(anonymous_0)
FNDA:10,(anonymous_1)
FNDA:3,(anonymous_2)
DA:3,3
DA:4,3
DA:8,1
DA:10,10
DA:14,3
DA:15,3
DA:16,3
DA:17,3
DA:20,10
DA:21,10
LF:10
LH:10
BRF:0
BRH:0
end_of_record
TN:
SF:src/interactor.js
FN:1,createInteractor
FN:3,(anonymous_1)
FNF:2
FNH:2
FNDA:1,createInteractor
FNDA:3,(anonymous_1)
DA:1,1
DA:2,1
DA:4,3
LF:3
LH:3
BRF:0
BRH:0
end_of_record
TN:
SF:src/organizer.js
FN:4,(anonymous_0)
FN:8,(anonymous_1)
FNF:2
FNH:2
FNDA:8,(anonymous_0)
FNDA:11,(anonymous_1)
DA:1,1
DA:3,1
DA:5,8
DA:9,11
DA:10,1
DA:12,10
DA:15,11
DA:16,11
DA:17,11
DA:19,11
DA:20,10
DA:21,9
DA:23,9
DA:24,19
DA:25,1
DA:26,1
DA:29,18
DA:31,18
DA:32,15
DA:33,14
DA:34,13
DA:37,3
DA:38,2
DA:41,1
DA:44,7
DA:46,7
DA:48,7
LF:27
LH:27
BRDA:9,0,0,1
BRDA:9,0,1,10
BRDA:19,1,0,1
BRDA:19,1,1,10
BRDA:19,2,0,11
BRDA:19,2,1,3
BRDA:20,3,0,2
BRDA:20,3,1,8
BRDA:21,4,0,1
BRDA:21,4,1,8
BRDA:24,5,0,1
BRDA:24,5,1,18
BRDA:31,6,0,3
BRDA:31,6,1,15
BRDA:31,7,0,18
BRDA:31,7,1,4
BRDA:32,8,0,5
BRDA:32,8,1,10
BRDA:34,9,0,1
BRDA:34,9,1,12
BRDA:37,10,0,1
BRDA:37,10,1,2
BRDA:44,11,0,1
BRDA:44,11,1,6
BRF:24
BRH:24
end_of_record
